<?xml version="1.0" encoding="UTF-8"?>
<testng-results ignored="0" total="1" passed="1" failed="0" skipped="0">
  <reporter-output>
  </reporter-output>
  <suite started-at="2023-09-05T21:13:00 IST" name="Default suite" finished-at="2023-09-05T21:15:33 IST" duration-ms="152253">
    <groups>
    </groups>
    <test started-at="2023-09-05T21:13:00 IST" name="Default test" finished-at="2023-09-05T21:15:33 IST" duration-ms="152253">
      <class name="Testcases.signuptestcase">
        <test-method is-config="true" signature="urlandbrowser()[pri:0, instance:Testcases.signuptestcase@13e344d]" started-at="2023-09-05T21:13:00 IST" name="urlandbrowser" finished-at="2023-09-05T21:14:50 IST" duration-ms="109412" status="PASS">
          <reporter-output>
          </reporter-output>
        </test-method> <!-- urlandbrowser -->
        <test-method signature="signup()[pri:0, instance:Testcases.signuptestcase@13e344d]" started-at="2023-09-05T21:14:50 IST" name="signup" finished-at="2023-09-05T21:15:33 IST" duration-ms="42751" status="PASS">
          <reporter-output>
          </reporter-output>
        </test-method> <!-- signup -->
      </class> <!-- Testcases.signuptestcase -->
    </test> <!-- Default test -->
  </suite> <!-- Default suite -->
</testng-results>
